2025-10-16 11:30:17.249606 : ERROR: Validation error for row {'Item Name': 'Apples', 'Quantity': '-25', 'Price': '1.2'}: 1 validation error for Product
Quantity
  Input should be greater than or equal to 0 [type=greater_than_equal, input_value='-25', input_type=str]
    For further information visit https://errors.pydantic.dev/2.12/v/greater_than_equal
2025-10-16 11:30:17.249682 : ERROR: keywords must be strings
2025-10-16 11:32:11.411132 : ERROR: Validation error for row {'Item Name': 'Apples', 'Quantity': '-25', 'Price': '1.2'}: 1 validation error for Product
Quantity
  Input should be greater than or equal to 0 [type=greater_than_equal, input_value='-25', input_type=str]
    For further information visit https://errors.pydantic.dev/2.12/v/greater_than_equal
2025-10-16 11:32:11.411197 : ERROR: Validation error for row {'Item Name': 'mop', 'Quantity': '20', 'Price': '-1.0'}: 1 validation error for Product
Price
  Input should be greater than 0 [type=greater_than, input_value='-1.0', input_type=str]
    For further information visit https://errors.pydantic.dev/2.12/v/greater_than
2025-10-16 11:32:11.411212 : ERROR: Validation error for row {'Item Name': 'soap', 'Quantity': '-15', 'Price': '2.0'}: 1 validation error for Product
Quantity
  Input should be greater than or equal to 0 [type=greater_than_equal, input_value='-15', input_type=str]
    For further information visit https://errors.pydantic.dev/2.12/v/greater_than_equal
2025-10-16 21:49:15.356745 : ERROR: Validation error for row {'Item Name': 'Apples', 'Quantity': '-25', 'Price': '1.2'}: 1 validation error for Product
Quantity
  Input should be greater than or equal to 0 [type=greater_than_equal, input_value='-25', input_type=str]
    For further information visit https://errors.pydantic.dev/2.12/v/greater_than_equal
2025-10-16 21:49:15.357012 : ERROR: Validation error for row {'Item Name': 'mop', 'Quantity': '20', 'Price': '-1.0'}: 1 validation error for Product
Price
  Input should be greater than 0 [type=greater_than, input_value='-1.0', input_type=str]
    For further information visit https://errors.pydantic.dev/2.12/v/greater_than
2025-10-16 21:49:15.357029 : ERROR: Validation error for row {'Item Name': 'soap', 'Quantity': '-15', 'Price': '2.0'}: 1 validation error for Product
Quantity
  Input should be greater than or equal to 0 [type=greater_than_equal, input_value='-15', input_type=str]
    For further information visit https://errors.pydantic.dev/2.12/v/greater_than_equal
2025-10-16 21:49:52.820359 : ERROR: Validation error for row {'Item Name': 'Apples', 'Quantity': '-25', 'Price': '1.2'}: 1 validation error for Product
Quantity
  Input should be greater than or equal to 0 [type=greater_than_equal, input_value='-25', input_type=str]
    For further information visit https://errors.pydantic.dev/2.12/v/greater_than_equal
2025-10-16 21:49:52.820432 : ERROR: Validation error for row {'Item Name': 'mop', 'Quantity': '20', 'Price': '-1.0'}: 1 validation error for Product
Price
  Input should be greater than 0 [type=greater_than, input_value='-1.0', input_type=str]
    For further information visit https://errors.pydantic.dev/2.12/v/greater_than
2025-10-16 21:49:52.820446 : ERROR: Validation error for row {'Item Name': 'soap', 'Quantity': '-15', 'Price': '2.0'}: 1 validation error for Product
Quantity
  Input should be greater than or equal to 0 [type=greater_than_equal, input_value='-15', input_type=str]
    For further information visit https://errors.pydantic.dev/2.12/v/greater_than_equal
2025-10-17 14:39:15.632941 : ERROR: Validation error for row {'Item Name': 'Apples', 'Quantity': '-25', 'Price': '1.2'}: 1 validation error for Product
Quantity
  Input should be greater than or equal to 0 [type=greater_than_equal, input_value='-25', input_type=str]
    For further information visit https://errors.pydantic.dev/2.12/v/greater_than_equal
2025-10-17 14:39:15.633226 : ERROR: Validation error for row {'Item Name': 'mop', 'Quantity': '20', 'Price': '-1.0'}: 1 validation error for Product
Price
  Input should be greater than 0 [type=greater_than, input_value='-1.0', input_type=str]
    For further information visit https://errors.pydantic.dev/2.12/v/greater_than
2025-10-17 14:39:15.633245 : ERROR: Validation error for row {'Item Name': 'soap', 'Quantity': '-15', 'Price': '2.0'}: 1 validation error for Product
Quantity
  Input should be greater than or equal to 0 [type=greater_than_equal, input_value='-15', input_type=str]
    For further information visit https://errors.pydantic.dev/2.12/v/greater_than_equal
